\BOOKMARK [1][-]{section.1}{Glossary}{}% 1
\BOOKMARK [1][-]{section.2}{Electric Current}{}% 2
\BOOKMARK [1][-]{section.3}{AC vs DC}{}% 3
\BOOKMARK [1][-]{section.4}{DC power flows}{}% 4
\BOOKMARK [1][-]{section.5}{Principle of Large Deviations}{}% 5
\BOOKMARK [2][-]{subsection.5.1}{Chernoff Bound}{section.5}% 6
\BOOKMARK [2][-]{subsection.5.2}{Simple Gaussian Case}{section.5}% 7
\BOOKMARK [2][-]{subsection.5.3}{Line Power Flows}{section.5}% 8
\BOOKMARK [1][-]{section.6}{Bienstock 2016}{}% 9
\BOOKMARK [2][-]{subsection.6.1}{Cascade model}{section.6}% 10
\BOOKMARK [2][-]{subsection.6.2}{Economic dispatch}{section.6}% 11
\BOOKMARK [2][-]{subsection.6.3}{Thermal line tripping}{section.6}% 12
\BOOKMARK [2][-]{subsection.6.4}{Accumulated overload}{section.6}% 13
\BOOKMARK [2][-]{subsection.6.5}{Moving average flow}{section.6}% 14
\BOOKMARK [2][-]{subsection.6.6}{Loading-dependent system}{section.6}% 15
\BOOKMARK [2][-]{subsection.6.7}{Branching Process}{section.6}% 16
\BOOKMARK [2][-]{subsection.6.8}{Line outage distribution factors}{section.6}% 17
\BOOKMARK [1][-]{section.7}{Effective resistance}{}% 18
\BOOKMARK [1][-]{section.8}{Empirical Time Series Analysis}{}% 19
\BOOKMARK [1][-]{section.9}{Geoscience Data}{}% 20
